info: socket.io started
debug: client authorized
info: handshake authorized QXywfpEDv5Yb0JbK5gjh
debug: setting request GET /socket.io/1/websocket/QXywfpEDv5Yb0JbK5gjh
debug: set heartbeat interval for client QXywfpEDv5Yb0JbK5gjh
debug: client authorized for 
debug: websocket writing 1::
debug: websocket writing 5:::{"name":"updatedUsers","args":[{}]}
debug: websocket writing 5:::{"name":"updatedUsers","args":[{"3617383162":{"userID":3617383162,"name":false,"unixTime":1353936456447}}]}
debug: websocket writing 5:::{"name":"updatedUsers","args":[{"3617383162":{"userID":3617383162,"name":"Luis","unixTime":1353936460973}}]}
debug: websocket writing 5:::{"name":"newMessage","args":[{"userID":3617383162,"name":"Luis","message":"hi","time":"2012-11-26T13:27:41Z"}]}
info: transport end (socket end)
debug: set close timeout for client QXywfpEDv5Yb0JbK5gjh
debug: cleared close timeout for client QXywfpEDv5Yb0JbK5gjh
debug: cleared heartbeat interval for client QXywfpEDv5Yb0JbK5gjh
debug: discarding transport
debug: client authorized
info: handshake authorized oXD6hy2y9H0eu_b-5gji
debug: setting request GET /socket.io/1/websocket/oXD6hy2y9H0eu_b-5gji
debug: set heartbeat interval for client oXD6hy2y9H0eu_b-5gji
debug: client authorized for 
debug: websocket writing 1::
debug: websocket writing 5:::{"name":"updatedUsers","args":[{"3617383162":{"userID":3617383162,"name":"Luis","unixTime":1353936470971}}]}
debug: websocket writing 5:::{"name":"updatedUsers","args":[{"6237369526":{"userID":6237369526,"name":false,"unixTime":1353936827519}}]}
info: transport end (socket end)
debug: set close timeout for client oXD6hy2y9H0eu_b-5gji
debug: cleared close timeout for client oXD6hy2y9H0eu_b-5gji
debug: cleared heartbeat interval for client oXD6hy2y9H0eu_b-5gji
debug: discarding transport
